d:\vs2017_project\data_structures\sorting\sorting\debug\vc141.pdb
d:\vs2017_project\data_structures\sorting\sorting\debug\vc141.idb
d:\vs2017_project\data_structures\sorting\sorting\debug\startup.obj
d:\vs2017_project\data_structures\sorting\sorting\debug\fuction_sortings.obj
d:\vs2017_project\data_structures\sorting\debug\sorting.pdb
d:\vs2017_project\data_structures\sorting\sorting\debug\sorting.tlog\cl.command.1.tlog
d:\vs2017_project\data_structures\sorting\sorting\debug\sorting.tlog\cl.read.1.tlog
d:\vs2017_project\data_structures\sorting\sorting\debug\sorting.tlog\cl.write.1.tlog
d:\vs2017_project\data_structures\sorting\sorting\debug\sorting.tlog\link-cvtres.read.1.tlog
d:\vs2017_project\data_structures\sorting\sorting\debug\sorting.tlog\link-cvtres.write.1.tlog
d:\vs2017_project\data_structures\sorting\sorting\debug\sorting.tlog\link-rc.read.1.tlog
d:\vs2017_project\data_structures\sorting\sorting\debug\sorting.tlog\link-rc.write.1.tlog
d:\vs2017_project\data_structures\sorting\sorting\debug\sorting.tlog\link.5244-cvtres.read.1.tlog
d:\vs2017_project\data_structures\sorting\sorting\debug\sorting.tlog\link.5244-cvtres.write.1.tlog
d:\vs2017_project\data_structures\sorting\sorting\debug\sorting.tlog\link.5244-rc.read.1.tlog
d:\vs2017_project\data_structures\sorting\sorting\debug\sorting.tlog\link.5244-rc.write.1.tlog
d:\vs2017_project\data_structures\sorting\sorting\debug\sorting.tlog\link.5244.read.1.tlog
d:\vs2017_project\data_structures\sorting\sorting\debug\sorting.tlog\link.5244.write.1.tlog
d:\vs2017_project\data_structures\sorting\sorting\debug\sorting.tlog\link.command.1.tlog
d:\vs2017_project\data_structures\sorting\sorting\debug\sorting.tlog\link.read.1.tlog
d:\vs2017_project\data_structures\sorting\sorting\debug\sorting.tlog\link.write.1.tlog
